#
# A fatal error has been detected by the Java Runtime Environment:
#
#  EXCEPTION_INT_DIVIDE_BY_ZERO (0xc0000094) at pc=0x00007ffd04119df3, pid=17900, tid=9744
#
# JRE version: OpenJDK Runtime Environment Temurin-21.0.6+7 (21.0.6+7) (build 21.0.6+7-LTS)
# Java VM: OpenJDK 64-Bit Server VM Temurin-21.0.6+7 (21.0.6+7-LTS, mixed mode, emulated-client, sharing, tiered, compressed oops, compressed class ptrs, g1 gc, windows-amd64)
# Problematic frame:
# C  [dpfpdd.dll+0x9df3]
#
# No core dump will be written. Minidumps are not enabled by default on client versions of Windows
#
# If you would like to submit a bug report, please visit:
#   https://github.com/adoptium/adoptium-support/issues
# The crash happened outside the Java Virtual Machine in native code.
# See problematic frame for where to report the bug.
#

---------------  S U M M A R Y ------------

Command Line: -agentlib:jdwp=transport=dt_socket,address=127.0.0.1:5125,suspend=y,server=n -agentpath:C:\Users\lugas\AppData\Local\Temp\idea_libasyncProfiler_dll_temp_folder\libasyncProfiler.dll=version,jfr,event=wall,interval=10ms,cstack=no,file=C:\Users\lugas\IdeaSnapshots\FingerprintApiApplication_2025_03_13_221920.jfr,dbghelppath=C:\Users\lugas\AppData\Local\Temp\idea_dbghelp_dll_temp_folder\dbghelp.dll,log=C:\Users\lugas\AppData\Local\Temp\FingerprintApiApplication_2025_03_13_221920.jfr.log.txt,logLevel=DEBUG -XX:TieredStopAtLevel=1 -Dspring.output.ansi.enabled=always -Dcom.sun.management.jmxremote -Dspring.jmx.enabled=true -Dspring.liveBeansView.mbeanDomain -Dspring.application.admin.enabled=true -Dmanagement.endpoints.jmx.exposure.include=* -javaagent:C:\Users\lugas\AppData\Local\JetBrains\IntelliJIdea2024.3\captureAgent\debugger-agent.jar -Dkotlinx.coroutines.debug.enable.creation.stack.trace=false -Ddebugger.agent.enable.coroutines=true -Dkotlinx.coroutines.debug.enable.flows.stack.trace=true -Dkotlinx.coroutines.debug.enable.mutable.state.flows.stack.trace=true -Dfile.encoding=UTF-8 -Dsun.stdout.encoding=UTF-8 -Dsun.stderr.encoding=UTF-8 com.example.fingerprint_api.FingerprintApiApplication

Host: AMD Ryzen 5 4600H with Radeon Graphics         , 12 cores, 15G,  Windows 11 , 64 bit Build 26100 (10.0.26100.3037)
Time: Thu Mar 13 22:35:52 2025 Hora estándar central (México) elapsed time: 991.624689 seconds (0d 0h 16m 31s)

---------------  T H R E A D  ---------------

Current thread (0x000001a5de4818b0):  JavaThread "Thread-3"  daemon [_thread_in_native, id=9744, stack(0x0000009100e00000,0x0000009100f00000) (1024K)]

Stack: [0x0000009100e00000,0x0000009100f00000],  sp=0x0000009100efed40,  free space=1019k
Native frames: (J=compiled Java code, j=interpreted, Vv=VM code, C=native code)
C  [dpfpdd.dll+0x9df3]

Java frames: (J=compiled Java code, j=interpreted, Vv=VM code)
j  com.digitalpersona.uareu.jni.Dpfpdd.DpfpddCapture(JIIIIILcom/digitalpersona/uareu/jni/Dpfpdd$IntReference;Lcom/digitalpersona/uareu/jni/Dpfpdd$IntReference;Lcom/digitalpersona/uareu/dpfpdd/FidImpl;)I+0
j  com.digitalpersona.uareu.jni.Dpfpdd.capture(JILcom/digitalpersona/uareu/Fid$Format;Lcom/digitalpersona/uareu/Reader$ImageProcessing;II)Lcom/digitalpersona/uareu/Reader$CaptureResult;+57
j  com.digitalpersona.uareu.dpfpdd.ReaderCollectionImpl$ReaderImpl.Capture(Lcom/digitalpersona/uareu/Fid$Format;Lcom/digitalpersona/uareu/Reader$ImageProcessing;II)Lcom/digitalpersona/uareu/Reader$CaptureResult;+20
j  com.example.fingerprint_api.CaptureThread.Capture()V+141
j  com.example.fingerprint_api.CaptureThread.run()V+15
v  ~StubRoutines::call_stub 0x000001a58cb2100d

siginfo: EXCEPTION_INT_DIVIDE_BY_ZERO (0xc0000094)


Registers:
RAX=0x0000000000000000, RBX=0x00007ffd04135758, RCX=0x94e99ee686cb0000, RDX=0x0000000000000000
RSP=0x0000009100efed40, RBP=0x0000009100efee40, RSI=0x0000009100eff118, RDI=0x0000000002ea478d
R8 =0x0000000000000000, R9 =0x0000000000000000, R10=0x0000000000000000, R11=0x00000000000001f4
R12=0x0000000000000000, R13=0x000001a597fac2c0, R14=0x000001a5e120ef10, R15=0x0000009100eff128
RIP=0x00007ffd04119df3, EFLAGS=0x0000000000010246

XMM[0]=0x0000000000000000 0x0000000000000000
XMM[1]=0x0000000000000000 0x0000000000000000
XMM[2]=0x0000000000000000 0x0000000000000000
XMM[3]=0x0000000000000000 0x0000000000000000
XMM[4]=0x0000000000000000 0x0000000000000000
XMM[5]=0x0000000000000000 0x0000000000000000
XMM[6]=0x0000000000000000 0x0000000000000000
XMM[7]=0x0000000000000000 0x0000000000000000
XMM[8]=0x0000000000000000 0x0000000000000000
XMM[9]=0x0000000000000000 0x0000000000000000
XMM[10]=0x0000000000000000 0x0000000000000000
XMM[11]=0x0000000000000000 0x0000000000000000
XMM[12]=0x0000000000000000 0x0000000000000000
XMM[13]=0x0000000000000000 0x0000000000000000
XMM[14]=0x0000000000000000 0x0000000000000000
XMM[15]=0x0000000000000000 0x0000000000000000
  MXCSR=0x00001fa0


Register to memory mapping:

RAX=0x0 is null
RBX=0x00007ffd04135758 dpfpdd.dll
RCX=0x94e99ee686cb0000 is an unknown value
RDX=0x0 is null
RSP=0x0000009100efed40 is pointing into the stack for thread: 0x000001a5de4818b0
RBP=0x0000009100efee40 is pointing into the stack for thread: 0x000001a5de4818b0
RSI=0x0000009100eff118 is pointing into the stack for thread: 0x000001a5de4818b0
RDI=0x0000000002ea478d is an unknown value
R8 =0x0 is null
R9 =0x0 is null
R10=0x0 is null
R11=0x00000000000001f4 is an unknown value
R12=0x0 is null
R13=0x000001a597fac2c0 points into unknown readable memory: 0x0000000100000034 | 34 00 00 00 01 00 00 00
R14=0x000001a5e120ef10 points into unknown readable memory: 0x000001a5e1200770 | 70 07 20 e1 a5 01 00 00
R15=0x0000009100eff128 is pointing into the stack for thread: 0x000001a5de4818b0

Top of Stack: (sp=0x0000009100efed40)
0x0000009100efed40:   00007ffd04135758 0000009100eff118
0x0000009100efed50:   0000000002ea478d 0000000000000000
0x0000009100efed60:   0000000000000000 000000000c00000c
0x0000009100efed70:   0000000300000000 000e000d00000000
0x0000009100efed80:   0000000000000000 000000000f00000f
0x0000009100efed90:   0000000000000000 00000000ffffffff
0x0000009100efeda0:   0000009100eff100 0000000000000000
0x0000009100efedb0:   000000000000001f 0000000000000000
0x0000009100efedc0:   000001a5e120ef10 0000009100eff118
0x0000009100efedd0:   000001a59950cf50 00007ffc0d00222f
0x0000009100efede0:   00007ffd04135758 00007ffd04135720
0x0000009100efedf0:   000001a5dc0f1940 00007ffcc9d7cf4d
0x0000009100efee00:   fffffffffffffffe 000000010f00000f
0x0000009100efee10:   0000000000000000 0000009100000000
0x0000009100efee20:   00007ffcca8489b0 000001a5e0573868
0x0000009100efee30:   000001a598486860 00007ffcc9f519d0
0x0000009100efee40:   0000000000000000 0000000000000000
0x0000009100efee50:   0000000000000000 0000000000000010
0x0000009100efee60:   000001a5e1200000 0000000000000001
0x0000009100efee70:   0000000000000001 00007ffd1ef5c20e
0x0000009100efee80:   000001a5e1200000 00007ffd04327b31
0x0000009100efee90:   0000000000000001 000000000000000a
0x0000009100efeea0:   000001a5e1200338 0000009100efef10
0x0000009100efeeb0:   000001a5e0570000 00000000e0cacd38
0x0000009100efeec0:   0000000000000000 0000000000000000
0x0000009100efeed0:   0000000002ea478d 0000000000000001
0x0000009100efeee0:   0000000000000000 000001a5de481c68
0x0000009100efeef0:   000094789e096b8b 000001a5e1200000
0x0000009100efef00:   0000009100eff171 000001a5e120ef10
0x0000009100efef10:   0000000000000000 0000009100eff100
0x0000009100efef20:   0000009100eff128 0000009100eff118
0x0000009100efef30:   0000000002ea478d 0000000000000000 

Instructions: (pc=0x00007ffd04119df3)
0x00007ffd04119cf3:   48 85 d2 74 2f 4d 8b 44 24 08 49 8d 88 f8 05 00
0x00007ffd04119d03:   00 48 39 39 74 11 48 ff c0 48 81 c1 10 07 00 00
0x00007ffd04119d13:   48 3b c2 72 ec eb 0d 4c 8b e8 4d 69 ed 10 07 00
0x00007ffd04119d23:   00 4d 03 e8 4d 85 ed 75 23 41 bc 15 00 ba 05 44
0x00007ffd04119d33:   89 64 24 50 45 8b c4 48 8d 15 bf 3c 01 00 48 8d
0x00007ffd04119d43:   4d d0 e8 26 d0 ff ff e9 bf 01 00 00 48 8b d6 49
0x00007ffd04119d53:   8b cd e8 86 fc ff ff 44 8b e0 89 44 24 50 85 c0
0x00007ffd04119d63:   0f 85 a5 01 00 00 4d 85 ff 75 10 41 bc 14 00 ba
0x00007ffd04119d73:   05 44 89 64 24 50 e9 90 01 00 00 48 8b 44 24 60
0x00007ffd04119d83:   48 85 c0 75 10 41 bc 14 00 ba 05 44 89 64 24 50
0x00007ffd04119d93:   e9 76 01 00 00 83 38 00 74 15 4d 85 f6 75 10 41
0x00007ffd04119da3:   bc 14 00 ba 05 44 89 64 24 50 e9 5c 01 00 00 41
0x00007ffd04119db3:   83 3f 24 73 10 41 bc 14 00 ba 05 44 89 64 24 50
0x00007ffd04119dc3:   e9 46 01 00 00 45 33 c0 48 8d 15 66 42 01 00 48
0x00007ffd04119dd3:   8d 4d 40 e8 65 ca ff ff 44 8b 5e 0c 45 8b 85 20
0x00007ffd04119de3:   06 00 00 41 8b c3 41 0f af 85 18 06 00 00 33 d2
0x00007ffd04119df3:   41 f7 f0 8b c8 41 8b 85 1c 06 00 00 41 0f af c3
0x00007ffd04119e03:   33 d2 41 f7 f0 8b f8 0f af f9 8b 46 04 3d 01 04
0x00007ffd04119e13:   1b 00 74 0c 3d 07 00 01 01 75 08 83 c7 2e eb 03
0x00007ffd04119e23:   83 c7 32 48 8d 4d 40 e8 51 cb ff ff 48 8b 74 24
0x00007ffd04119e33:   60 44 8b 06 41 3b f8 76 25 44 8b cf 48 8d 15 d2
0x00007ffd04119e43:   3b 01 00 48 8d 4d d0 e8 01 cc ff ff 89 3e 41 bc
0x00007ffd04119e53:   0d 00 ba 05 44 89 64 24 50 e9 ad 00 00 00 41 80
0x00007ffd04119e63:   bd a1 06 00 00 00 74 23 41 bc 1e 00 ba 05 44 89
0x00007ffd04119e73:   64 24 50 45 8b c4 48 8d 15 c8 3b 01 00 48 8d 4d
0x00007ffd04119e83:   d0 e8 e7 ce ff ff e9 80 00 00 00 41 c6 85 a1 06
0x00007ffd04119e93:   00 00 01 49 8d bd a8 06 00 00 48 8b 4f 08 48 85
0x00007ffd04119ea3:   c9 74 06 ff 15 7c 02 01 00 49 8b 8d c0 06 00 00
0x00007ffd04119eb3:   48 85 c9 74 06 ff 15 6a 02 01 00 48 89 7d b0 49
0x00007ffd04119ec3:   8d 85 c8 06 00 00 48 89 45 b8 41 80 bd a0 06 00
0x00007ffd04119ed3:   00 00 74 37 41 0f 10 85 00 06 00 00 0f 29 44 24
0x00007ffd04119ee3:   70 c6 44 24 54 01 c7 45 90 01 00 00 00 48 8d 44 


Stack slot to memory mapping:

stack at sp + 0 slots: 0x00007ffd04135758 dpfpdd.dll
stack at sp + 1 slots: 0x0000009100eff118 is pointing into the stack for thread: 0x000001a5de4818b0
stack at sp + 2 slots: 0x0000000002ea478d is an unknown value
stack at sp + 3 slots: 0x0 is null
stack at sp + 4 slots: 0x0 is null
stack at sp + 5 slots: 0x000000000c00000c is an unknown value
stack at sp + 6 slots: 0x0000000300000000 is an unknown value
stack at sp + 7 slots: 0x000e000d00000000 is an unknown value


---------------  P R O C E S S  ---------------

Threads class SMR info:
_java_thread_list=0x000001a5de589050, length=31, elements={
0x000001a5d90eff90, 0x000001a5d90f1550, 0x000001a5d90f2c40, 0x000001a5d90f5cb0,
0x000001a5d90f7270, 0x000001a5d90f9050, 0x000001a5d91020c0, 0x000001a58caf7020,
0x000001a5d9282d30, 0x000001a5d92839e0, 0x000001a5d92ae280, 0x000001a5d94445e0,
0x000001a5de084080, 0x000001a5de711a20, 0x000001a5e00346c0, 0x000001a5e00325f0,
0x000001a5e0038860, 0x000001a5e0b22640, 0x000001a5e0b1fee0, 0x000001a5e0b21fb0,
0x000001a5e0b20570, 0x000001a5e0b1f1c0, 0x000001a5e0b22cd0, 0x000001a5e0b23360,
0x000001a5e0b239f0, 0x000001a5e0b21290, 0x000001a5e0b24080, 0x000001a5e0b20c00,
0x000001a5e0b24da0, 0x000001a5e0b25430, 0x000001a5de4818b0
}

Java Threads: ( => current thread )
  0x000001a5d90eff90 JavaThread "Reference Handler"          daemon [_thread_blocked, id=9748, stack(0x0000009101700000,0x0000009101800000) (1024K)]
  0x000001a5d90f1550 JavaThread "Finalizer"                  daemon [_thread_blocked, id=22056, stack(0x0000009101800000,0x0000009101900000) (1024K)]
  0x000001a5d90f2c40 JavaThread "Signal Dispatcher"          daemon [_thread_blocked, id=3920, stack(0x0000009101900000,0x0000009101a00000) (1024K)]
  0x000001a5d90f5cb0 JavaThread "Attach Listener"            daemon [_thread_blocked, id=24184, stack(0x0000009101a00000,0x0000009101b00000) (1024K)]
  0x000001a5d90f7270 JavaThread "Service Thread"             daemon [_thread_blocked, id=18956, stack(0x0000009101b00000,0x0000009101c00000) (1024K)]
  0x000001a5d90f9050 JavaThread "Monitor Deflation Thread"   daemon [_thread_blocked, id=16784, stack(0x0000009101c00000,0x0000009101d00000) (1024K)]
  0x000001a5d91020c0 JavaThread "C1 CompilerThread0"         daemon [_thread_blocked, id=20248, stack(0x0000009101d00000,0x0000009101e00000) (1024K)]
  0x000001a58caf7020 JavaThread "Common-Cleaner"             daemon [_thread_blocked, id=20340, stack(0x0000009101e00000,0x0000009101f00000) (1024K)]
  0x000001a5d9282d30 JavaThread "JDWP Transport Listener: dt_socket" daemon [_thread_blocked, id=19088, stack(0x0000009102000000,0x0000009102100000) (1024K)]
  0x000001a5d92839e0 JavaThread "JDWP Event Helper Thread"   daemon [_thread_blocked, id=15928, stack(0x0000009102100000,0x0000009102200000) (1024K)]
  0x000001a5d92ae280 JavaThread "JDWP Command Reader"        daemon [_thread_in_native, id=16948, stack(0x0000009102200000,0x0000009102300000) (1024K)]
  0x000001a5d94445e0 JavaThread "Notification Thread"        daemon [_thread_blocked, id=14664, stack(0x0000009102300000,0x0000009102400000) (1024K)]
  0x000001a5de084080 JavaThread "RMI TCP Accept-0"           daemon [_thread_in_native, id=19136, stack(0x0000009102600000,0x0000009102700000) (1024K)]
  0x000001a5de711a20 JavaThread "RMI Scheduler(0)"           daemon [_thread_blocked, id=20744, stack(0x0000009103100000,0x0000009103200000) (1024K)]
  0x000001a5e00346c0 JavaThread "Catalina-utility-1"                [_thread_blocked, id=20904, stack(0x0000009103200000,0x0000009103300000) (1024K)]
  0x000001a5e00325f0 JavaThread "Catalina-utility-2"                [_thread_blocked, id=5136, stack(0x0000009103500000,0x0000009103600000) (1024K)]
  0x000001a5e0038860 JavaThread "container-0"                       [_thread_blocked, id=17948, stack(0x0000009103600000,0x0000009103700000) (1024K)]
  0x000001a5e0b22640 JavaThread "http-nio-8080-exec-1"       daemon [_thread_blocked, id=18992, stack(0x0000009103900000,0x0000009103a00000) (1024K)]
  0x000001a5e0b1fee0 JavaThread "http-nio-8080-exec-2"       daemon [_thread_blocked, id=20348, stack(0x0000009103a00000,0x0000009103b00000) (1024K)]
  0x000001a5e0b21fb0 JavaThread "http-nio-8080-exec-3"       daemon [_thread_blocked, id=3452, stack(0x0000009103b00000,0x0000009103c00000) (1024K)]
  0x000001a5e0b20570 JavaThread "http-nio-8080-exec-4"       daemon [_thread_blocked, id=984, stack(0x0000009103c00000,0x0000009103d00000) (1024K)]
  0x000001a5e0b1f1c0 JavaThread "http-nio-8080-exec-5"       daemon [_thread_blocked, id=22552, stack(0x0000009103d00000,0x0000009103e00000) (1024K)]
  0x000001a5e0b22cd0 JavaThread "http-nio-8080-exec-6"       daemon [_thread_blocked, id=16960, stack(0x0000009103e00000,0x0000009103f00000) (1024K)]
  0x000001a5e0b23360 JavaThread "http-nio-8080-exec-7"       daemon [_thread_blocked, id=22516, stack(0x0000009103f00000,0x0000009104000000) (1024K)]
  0x000001a5e0b239f0 JavaThread "http-nio-8080-exec-8"       daemon [_thread_blocked, id=22012, stack(0x0000009104000000,0x0000009104100000) (1024K)]
  0x000001a5e0b21290 JavaThread "http-nio-8080-exec-9"       daemon [_thread_blocked, id=24564, stack(0x0000009104100000,0x0000009104200000) (1024K)]
  0x000001a5e0b24080 JavaThread "http-nio-8080-exec-10"      daemon [_thread_blocked, id=22260, stack(0x0000009104200000,0x0000009104300000) (1024K)]
  0x000001a5e0b20c00 JavaThread "http-nio-8080-Poller"       daemon [_thread_in_native, id=21720, stack(0x0000009104300000,0x0000009104400000) (1024K)]
  0x000001a5e0b24da0 JavaThread "http-nio-8080-Acceptor"     daemon [_thread_in_native, id=19800, stack(0x0000009104400000,0x0000009104500000) (1024K)]
  0x000001a5e0b25430 JavaThread "DestroyJavaVM"                     [_thread_blocked, id=20792, stack(0x0000009100f00000,0x0000009101000000) (1024K)]
=>0x000001a5de4818b0 JavaThread "Thread-3"                   daemon [_thread_in_native, id=9744, stack(0x0000009100e00000,0x0000009100f00000) (1024K)]
Total: 31

Other Threads:
  0x000001a58cb0aba0 VMThread "VM Thread"                           [id=10140, stack(0x0000009101600000,0x0000009101700000) (1024K)]
  0x000001a5d90dca00 WatcherThread "VM Periodic Task Thread"        [id=19280, stack(0x0000009101500000,0x0000009101600000) (1024K)]
  0x000001a58c9e5510 WorkerThread "GC Thread#0"                     [id=14720, stack(0x0000009101000000,0x0000009101100000) (1024K)]
  0x000001a5de0abef0 WorkerThread "GC Thread#1"                     [id=13928, stack(0x0000009102700000,0x0000009102800000) (1024K)]
  0x000001a5de0ac290 WorkerThread "GC Thread#2"                     [id=12000, stack(0x0000009102800000,0x0000009102900000) (1024K)]
  0x000001a5de0abb50 WorkerThread "GC Thread#3"                     [id=12368, stack(0x0000009102900000,0x0000009102a00000) (1024K)]
  0x000001a5de0ab410 WorkerThread "GC Thread#4"                     [id=2128, stack(0x0000009102a00000,0x0000009102b00000) (1024K)]
  0x000001a5de0aa930 WorkerThread "GC Thread#5"                     [id=9572, stack(0x0000009102b00000,0x0000009102c00000) (1024K)]
  0x000001a5de0ab070 WorkerThread "GC Thread#6"                     [id=2488, stack(0x0000009102c00000,0x0000009102d00000) (1024K)]
  0x000001a5de0ab7b0 WorkerThread "GC Thread#7"                     [id=19384, stack(0x0000009102d00000,0x0000009102e00000) (1024K)]
  0x000001a5de23d7c0 WorkerThread "GC Thread#8"                     [id=16452, stack(0x0000009102e00000,0x0000009102f00000) (1024K)]
  0x000001a5de23c200 WorkerThread "GC Thread#9"                     [id=17092, stack(0x0000009102f00000,0x0000009103000000) (1024K)]
  0x000001a58c9f6a10 ConcurrentGCThread "G1 Main Marker"            [id=7724, stack(0x0000009101100000,0x0000009101200000) (1024K)]
  0x000001a58c9f84c0 WorkerThread "G1 Conc#0"                       [id=1692, stack(0x0000009101200000,0x0000009101300000) (1024K)]
  0x000001a5de23afe0 WorkerThread "G1 Conc#1"                       [id=17044, stack(0x0000009103300000,0x0000009103400000) (1024K)]
  0x000001a5de23b720 WorkerThread "G1 Conc#2"                       [id=22600, stack(0x0000009103400000,0x0000009103500000) (1024K)]
  0x000001a58caa2f60 ConcurrentGCThread "G1 Refine#0"               [id=21960, stack(0x0000009101300000,0x0000009101400000) (1024K)]
  0x000001a58caa58f0 ConcurrentGCThread "G1 Service"                [id=18420, stack(0x0000009101400000,0x0000009101500000) (1024K)]
Total: 18

Threads with active compile tasks:
Total: 0

VM state: not at safepoint (normal execution)

VM Mutex/Monitor currently owned by a thread: None

Heap address: 0x000000070a000000, size: 3936 MB, Compressed Oops mode: Zero based, Oop shift amount: 3

CDS archive(s) mapped at: [0x000001a598000000-0x000001a598c80000-0x000001a598c80000), size 13107200, SharedBaseAddress: 0x000001a598000000, ArchiveRelocationMode: 1.
Compressed class space mapped at: 0x000001a599000000-0x000001a5d9000000, reserved size: 1073741824
Narrow klass base: 0x000001a598000000, Narrow klass shift: 0, Narrow klass range: 0x100000000

GC Precious Log:
 CardTable entry size: 512
 Card Set container configuration: InlinePtr #cards 4 size 8 Array Of Cards #cards 16 size 48 Howl #buckets 8 coarsen threshold 3686 Howl Bitmap #cards 512 size 80 coarsen threshold 460 Card regions per heap region 1 cards per card region 4096
 CPUs: 12 total, 12 available
 Memory: 15741M
 Large Page Support: Disabled
 NUMA Support: Disabled
 Compressed Oops: Enabled (Zero based)
 Heap Region Size: 2M
 Heap Min Capacity: 8M
 Heap Initial Capacity: 246M
 Heap Max Capacity: 3936M
 Pre-touch: Disabled
 Parallel Workers: 10
 Concurrent Workers: 3
 Concurrent Refinement Workers: 10
 Periodic GC: Disabled

Heap:
 garbage-first heap   total 63488K, used 18985K [0x000000070a000000, 0x0000000800000000)
  region size 2048K, 6 young (12288K), 4 survivors (8192K)
 Metaspace       used 39022K, committed 39616K, reserved 1114112K
  class space    used 4902K, committed 5184K, reserved 1048576K

Heap Regions: E=young(eden), S=young(survivor), O=old, HS=humongous(starts), HC=humongous(continues), CS=collection set, F=free, TAMS=top-at-mark-start, PB=parsable bottom
|   0|0x000000070a000000, 0x000000070a200000, 0x000000070a200000|100%| O|  |TAMS 0x000000070a000000| PB 0x000000070a000000| Untracked 
|   1|0x000000070a200000, 0x000000070a338670, 0x000000070a400000| 61%| O|Cm|TAMS 0x000000070a200000| PB 0x000000070a200000| Complete 
|   2|0x000000070a400000, 0x000000070a600000, 0x000000070a600000|100%| O|  |TAMS 0x000000070a400000| PB 0x000000070a400000| Untracked 
|   3|0x000000070a600000, 0x000000070a800000, 0x000000070a800000|100%| O|  |TAMS 0x000000070a600000| PB 0x000000070a600000| Untracked 
|   4|0x000000070a800000, 0x000000070aa00000, 0x000000070aa00000|100%| O|  |TAMS 0x000000070a800000| PB 0x000000070a800000| Untracked 
|   5|0x000000070aa00000, 0x000000070aa00000, 0x000000070ac00000|  0%| F|  |TAMS 0x000000070aa00000| PB 0x000000070aa00000| Untracked 
|   6|0x000000070ac00000, 0x000000070ac00000, 0x000000070ae00000|  0%| F|  |TAMS 0x000000070ac00000| PB 0x000000070ac00000| Untracked 
|   7|0x000000070ae00000, 0x000000070ae00000, 0x000000070b000000|  0%| F|  |TAMS 0x000000070ae00000| PB 0x000000070ae00000| Untracked 
|   8|0x000000070b000000, 0x000000070b000000, 0x000000070b200000|  0%| F|  |TAMS 0x000000070b000000| PB 0x000000070b000000| Untracked 
|   9|0x000000070b200000, 0x000000070b200000, 0x000000070b400000|  0%| F|  |TAMS 0x000000070b200000| PB 0x000000070b200000| Untracked 
|  10|0x000000070b400000, 0x000000070b400000, 0x000000070b600000|  0%| F|  |TAMS 0x000000070b400000| PB 0x000000070b400000| Untracked 
|  11|0x000000070b600000, 0x000000070b600000, 0x000000070b800000|  0%| F|  |TAMS 0x000000070b600000| PB 0x000000070b600000| Untracked 
|  12|0x000000070b800000, 0x000000070b800000, 0x000000070ba00000|  0%| F|  |TAMS 0x000000070b800000| PB 0x000000070b800000| Untracked 
|  13|0x000000070ba00000, 0x000000070ba00000, 0x000000070bc00000|  0%| F|  |TAMS 0x000000070ba00000| PB 0x000000070ba00000| Untracked 
|  14|0x000000070bc00000, 0x000000070bc00000, 0x000000070be00000|  0%| F|  |TAMS 0x000000070bc00000| PB 0x000000070bc00000| Untracked 
|  15|0x000000070be00000, 0x000000070be00000, 0x000000070c000000|  0%| F|  |TAMS 0x000000070be00000| PB 0x000000070be00000| Untracked 
|  16|0x000000070c000000, 0x000000070c000000, 0x000000070c200000|  0%| F|  |TAMS 0x000000070c000000| PB 0x000000070c000000| Untracked 
|  17|0x000000070c200000, 0x000000070c200000, 0x000000070c400000|  0%| F|  |TAMS 0x000000070c200000| PB 0x000000070c200000| Untracked 
|  18|0x000000070c400000, 0x000000070c400000, 0x000000070c600000|  0%| F|  |TAMS 0x000000070c400000| PB 0x000000070c400000| Untracked 
|  19|0x000000070c600000, 0x000000070c600000, 0x000000070c800000|  0%| F|  |TAMS 0x000000070c600000| PB 0x000000070c600000| Untracked 
|  20|0x000000070c800000, 0x000000070c800000, 0x000000070ca00000|  0%| F|  |TAMS 0x000000070c800000| PB 0x000000070c800000| Untracked 
|  21|0x000000070ca00000, 0x000000070ca00000, 0x000000070cc00000|  0%| F|  |TAMS 0x000000070ca00000| PB 0x000000070ca00000| Untracked 
|  22|0x000000070cc00000, 0x000000070cc00000, 0x000000070ce00000|  0%| F|  |TAMS 0x000000070cc00000| PB 0x000000070cc00000| Untracked 
|  23|0x000000070ce00000, 0x000000070d000000, 0x000000070d000000|100%| S|CS|TAMS 0x000000070ce00000| PB 0x000000070ce00000| Complete 
|  24|0x000000070d000000, 0x000000070d200000, 0x000000070d200000|100%| S|CS|TAMS 0x000000070d000000| PB 0x000000070d000000| Complete 
|  25|0x000000070d200000, 0x000000070d400000, 0x000000070d400000|100%| S|CS|TAMS 0x000000070d200000| PB 0x000000070d200000| Complete 
|  26|0x000000070d400000, 0x000000070d551e18, 0x000000070d600000| 65%| S|CS|TAMS 0x000000070d400000| PB 0x000000070d400000| Complete 
|  56|0x0000000711000000, 0x0000000711000000, 0x0000000711200000|  0%| F|  |TAMS 0x0000000711000000| PB 0x0000000711000000| Untracked 
|  57|0x0000000711200000, 0x0000000711200000, 0x0000000711400000|  0%| F|  |TAMS 0x0000000711200000| PB 0x0000000711200000| Untracked 
|  58|0x0000000711400000, 0x00000007114ce8c8, 0x0000000711600000| 40%| E|  |TAMS 0x0000000711400000| PB 0x0000000711400000| Complete 
| 122|0x0000000719400000, 0x0000000719600000, 0x0000000719600000|100%| E|CS|TAMS 0x0000000719400000| PB 0x0000000719400000| Complete 

Card table byte_map: [0x000001a590d70000,0x000001a591520000] _byte_map_base: 0x000001a58d520000

Marking Bits: (CMBitMap*) 0x000001a58c9e5b20
 Bits: [0x000001a591520000, 0x000001a5952a0000)

Polling page: 0x000001a581f40000

Metaspace:

Usage:
  Non-class:     33.32 MB used.
      Class:      4.79 MB used.
       Both:     38.11 MB used.

Virtual space:
  Non-class space:       64.00 MB reserved,      33.62 MB ( 53%) committed,  1 nodes.
      Class space:        1.00 GB reserved,       5.06 MB ( <1%) committed,  1 nodes.
             Both:        1.06 GB reserved,      38.69 MB (  4%) committed. 

Chunk freelists:
   Non-Class:  13.58 MB
       Class:  10.86 MB
        Both:  24.44 MB

MaxMetaspaceSize: unlimited
CompressedClassSpaceSize: 1.00 GB
Initial GC threshold: 21.00 MB
Current GC threshold: 53.44 MB
CDS: on
 - commit_granule_bytes: 65536.
 - commit_granule_words: 8192.
 - virtual_space_node_default_size: 8388608.
 - enlarge_chunks_in_place: 1.
 - use_allocation_guard: 0.


Internal statistics:

num_allocs_failed_limit: 3.
num_arena_births: 838.
num_arena_deaths: 0.
num_vsnodes_births: 2.
num_vsnodes_deaths: 0.
num_space_committed: 619.
num_space_uncommitted: 0.
num_chunks_returned_to_freelist: 3.
num_chunks_taken_from_freelist: 1982.
num_chunk_merges: 0.
num_chunk_splits: 1340.
num_chunks_enlarged: 939.
num_inconsistent_stats: 0.

CodeCache: size=49152Kb used=10080Kb max_used=11115Kb free=39071Kb
 bounds [0x000001a58cb20000, 0x000001a58d600000, 0x000001a58fb20000]
 total_blobs=4964 nmethods=4387 adapters=500
 compilation: enabled
              stopped_count=0, restarted_count=0
 full_count=0

Compilation events (20 events):
Event: 987.619 Thread 0x000001a5d91020c0 4411       1       org.springframework.http.MediaType::isLessSpecific (12 bytes)
Event: 987.619 Thread 0x000001a5d91020c0 nmethod 4411 0x000001a58cf49490 code [0x000001a58cf49660, 0x000001a58cf49818]
Event: 987.619 Thread 0x000001a5d91020c0 4412       1       org.springframework.http.MediaType::isMoreSpecific (53 bytes)
Event: 987.620 Thread 0x000001a5d91020c0 nmethod 4412 0x000001a58cf48310 code [0x000001a58cf485a0, 0x000001a58cf48b90]
Event: 987.620 Thread 0x000001a5d91020c0 4413       1       org.springframework.util.MimeType::isMoreSpecific (138 bytes)
Event: 987.621 Thread 0x000001a5d91020c0 nmethod 4413 0x000001a58cf47210 code [0x000001a58cf47480, 0x000001a58cf47a10]
Event: 988.332 Thread 0x000001a5d91020c0 4414       1       org.springframework.util.MimeTypeUtils$$Lambda/0x000001a5994fde70::test (12 bytes)
Event: 988.332 Thread 0x000001a5d91020c0 nmethod 4414 0x000001a58cf46d90 code [0x000001a58cf46f40, 0x000001a58cf470c8]
Event: 988.332 Thread 0x000001a5d91020c0 4416       1       org.apache.coyote.http11.Http11OutputBuffer::write (93 bytes)
Event: 988.333 Thread 0x000001a5d91020c0 nmethod 4416 0x000001a58cf46490 code [0x000001a58cf46660, 0x000001a58cf468b8]
Event: 988.333 Thread 0x000001a5d91020c0 4415       1       org.apache.tomcat.util.buf.MessageBytes::toBytesSimple (105 bytes)
Event: 988.333 Thread 0x000001a5d91020c0 nmethod 4415 0x000001a58cf45590 code [0x000001a58cf457a0, 0x000001a58cf45e88]
Event: 988.333 Thread 0x000001a5d91020c0 4417       1       java.nio.Buffer::checkSession (14 bytes)
Event: 988.333 Thread 0x000001a5d91020c0 nmethod 4417 0x000001a58cf45010 code [0x000001a58cf451e0, 0x000001a58cf453b0]
Event: 988.333 Thread 0x000001a5d91020c0 4418       1       java.util.concurrent.CopyOnWriteArrayList::toArray (11 bytes)
Event: 988.334 Thread 0x000001a5d91020c0 nmethod 4418 0x000001a58cf44c10 code [0x000001a58cf44dc0, 0x000001a58cf44ef8]
Event: 991.613 Thread 0x000001a5d91020c0 4419       1       org.apache.catalina.core.StandardContext::getApplicationEventListeners (10 bytes)
Event: 991.614 Thread 0x000001a5d91020c0 nmethod 4419 0x000001a58cf44890 code [0x000001a58cf44a40, 0x000001a58cf44b40]
Event: 991.614 Thread 0x000001a5d91020c0 4420       1       org.apache.catalina.connector.ResponseFacade::checkFacade (24 bytes)
Event: 991.614 Thread 0x000001a5d91020c0 nmethod 4420 0x000001a58cf44390 code [0x000001a58cf44560, 0x000001a58cf44710]

GC Heap History (18 events):
Event: 0.755 GC heap before
{Heap before GC invocations=0 (full 0):
 garbage-first heap   total 251904K, used 22528K [0x000000070a000000, 0x0000000800000000)
  region size 2048K, 11 young (22528K), 0 survivors (0K)
 Metaspace       used 9133K, committed 9408K, reserved 1114112K
  class space    used 942K, committed 1088K, reserved 1048576K
}
Event: 0.760 GC heap after
{Heap after GC invocations=1 (full 0):
 garbage-first heap   total 251904K, used 3939K [0x000000070a000000, 0x0000000800000000)
  region size 2048K, 2 young (4096K), 2 survivors (4096K)
 Metaspace       used 9133K, committed 9408K, reserved 1114112K
  class space    used 942K, committed 1088K, reserved 1048576K
}
Event: 1.374 GC heap before
{Heap before GC invocations=1 (full 0):
 garbage-first heap   total 251904K, used 34659K [0x000000070a000000, 0x0000000800000000)
  region size 2048K, 18 young (36864K), 2 survivors (4096K)
 Metaspace       used 16944K, committed 17344K, reserved 1114112K
  class space    used 2038K, committed 2240K, reserved 1048576K
}
Event: 1.380 GC heap after
{Heap after GC invocations=2 (full 0):
 garbage-first heap   total 251904K, used 7054K [0x000000070a000000, 0x0000000800000000)
  region size 2048K, 2 young (4096K), 2 survivors (4096K)
 Metaspace       used 16944K, committed 17344K, reserved 1114112K
  class space    used 2038K, committed 2240K, reserved 1048576K
}
Event: 1.430 GC heap before
{Heap before GC invocations=2 (full 0):
 garbage-first heap   total 251904K, used 17294K [0x000000070a000000, 0x0000000800000000)
  region size 2048K, 8 young (16384K), 2 survivors (4096K)
 Metaspace       used 19177K, committed 19584K, reserved 1114112K
  class space    used 2267K, committed 2432K, reserved 1048576K
}
Event: 1.433 GC heap after
{Heap after GC invocations=3 (full 0):
 garbage-first heap   total 251904K, used 7193K [0x000000070a000000, 0x0000000800000000)
  region size 2048K, 2 young (4096K), 2 survivors (4096K)
 Metaspace       used 19177K, committed 19584K, reserved 1114112K
  class space    used 2267K, committed 2432K, reserved 1048576K
}
Event: 1.543 GC heap before
{Heap before GC invocations=4 (full 0):
 garbage-first heap   total 28672K, used 25625K [0x000000070a000000, 0x0000000800000000)
  region size 2048K, 12 young (24576K), 2 survivors (4096K)
 Metaspace       used 22495K, committed 22784K, reserved 1114112K
  class space    used 2692K, committed 2816K, reserved 1048576K
}
Event: 1.547 GC heap after
{Heap after GC invocations=5 (full 0):
 garbage-first heap   total 34816K, used 8653K [0x000000070a000000, 0x0000000800000000)
  region size 2048K, 3 young (6144K), 3 survivors (6144K)
 Metaspace       used 22495K, committed 22784K, reserved 1114112K
  class space    used 2692K, committed 2816K, reserved 1048576K
}
Event: 1.650 GC heap before
{Heap before GC invocations=5 (full 0):
 garbage-first heap   total 34816K, used 22989K [0x000000070a000000, 0x0000000800000000)
  region size 2048K, 10 young (20480K), 3 survivors (6144K)
 Metaspace       used 24425K, committed 24768K, reserved 1114112K
  class space    used 2969K, committed 3136K, reserved 1048576K
}
Event: 1.655 GC heap after
{Heap after GC invocations=6 (full 0):
 garbage-first heap   total 34816K, used 9601K [0x000000070a000000, 0x0000000800000000)
  region size 2048K, 2 young (4096K), 2 survivors (4096K)
 Metaspace       used 24425K, committed 24768K, reserved 1114112K
  class space    used 2969K, committed 3136K, reserved 1048576K
}
Event: 1.899 GC heap before
{Heap before GC invocations=6 (full 0):
 garbage-first heap   total 34816K, used 25985K [0x000000070a000000, 0x0000000800000000)
  region size 2048K, 10 young (20480K), 2 survivors (4096K)
 Metaspace       used 25831K, committed 26240K, reserved 1114112K
  class space    used 3170K, committed 3328K, reserved 1048576K
}
Event: 1.903 GC heap after
{Heap after GC invocations=7 (full 0):
 garbage-first heap   total 34816K, used 10836K [0x000000070a000000, 0x0000000800000000)
  region size 2048K, 2 young (4096K), 2 survivors (4096K)
 Metaspace       used 25831K, committed 26240K, reserved 1114112K
  class space    used 3170K, committed 3328K, reserved 1048576K
}
Event: 2.134 GC heap before
{Heap before GC invocations=7 (full 0):
 garbage-first heap   total 34816K, used 27220K [0x000000070a000000, 0x0000000800000000)
  region size 2048K, 10 young (20480K), 2 survivors (4096K)
 Metaspace       used 28627K, committed 29184K, reserved 1114112K
  class space    used 3543K, committed 3776K, reserved 1048576K
}
Event: 2.138 GC heap after
{Heap after GC invocations=8 (full 0):
 garbage-first heap   total 143360K, used 11977K [0x000000070a000000, 0x0000000800000000)
  region size 2048K, 2 young (4096K), 2 survivors (4096K)
 Metaspace       used 28627K, committed 29184K, reserved 1114112K
  class space    used 3543K, committed 3776K, reserved 1048576K
}
Event: 2.455 GC heap before
{Heap before GC invocations=8 (full 0):
 garbage-first heap   total 143360K, used 32457K [0x000000070a000000, 0x0000000800000000)
  region size 2048K, 13 young (26624K), 2 survivors (4096K)
 Metaspace       used 32058K, committed 32640K, reserved 1114112K
  class space    used 3992K, committed 4224K, reserved 1048576K
}
Event: 2.459 GC heap after
{Heap after GC invocations=9 (full 0):
 garbage-first heap   total 143360K, used 13831K [0x000000070a000000, 0x0000000800000000)
  region size 2048K, 3 young (6144K), 3 survivors (6144K)
 Metaspace       used 32058K, committed 32640K, reserved 1114112K
  class space    used 3992K, committed 4224K, reserved 1048576K
}
Event: 415.200 GC heap before
{Heap before GC invocations=10 (full 0):
 garbage-first heap   total 55296K, used 50695K [0x000000070a000000, 0x0000000800000000)
  region size 2048K, 22 young (45056K), 3 survivors (6144K)
 Metaspace       used 38803K, committed 39424K, reserved 1114112K
  class space    used 4877K, committed 5120K, reserved 1048576K
}
Event: 415.205 GC heap after
{Heap after GC invocations=11 (full 0):
 garbage-first heap   total 63488K, used 16937K [0x000000070a000000, 0x0000000800000000)
  region size 2048K, 4 young (8192K), 4 survivors (8192K)
 Metaspace       used 38803K, committed 39424K, reserved 1114112K
  class space    used 4877K, committed 5120K, reserved 1048576K
}

Dll operation events (13 events):
Event: 0.019 Loaded shared library C:\Program Files\Eclipse Adoptium\jdk-21.0.6.7-hotspot\bin\java.dll
Event: 0.021 Loaded shared library C:\Program Files\Eclipse Adoptium\jdk-21.0.6.7-hotspot\bin\zip.dll
Event: 0.185 Loaded shared library C:\Program Files\Eclipse Adoptium\jdk-21.0.6.7-hotspot\bin\instrument.dll
Event: 0.235 Loaded shared library C:\Program Files\Eclipse Adoptium\jdk-21.0.6.7-hotspot\bin\jimage.dll
Event: 0.255 Loaded shared library C:\Program Files\Eclipse Adoptium\jdk-21.0.6.7-hotspot\bin\net.dll
Event: 0.256 Loaded shared library C:\Program Files\Eclipse Adoptium\jdk-21.0.6.7-hotspot\bin\nio.dll
Event: 0.269 Loaded shared library C:\Program Files\Eclipse Adoptium\jdk-21.0.6.7-hotspot\bin\zip.dll
Event: 0.340 Loaded shared library C:\Program Files\Eclipse Adoptium\jdk-21.0.6.7-hotspot\bin\management.dll
Event: 0.359 Loaded shared library C:\Program Files\Eclipse Adoptium\jdk-21.0.6.7-hotspot\bin\management_ext.dll
Event: 0.655 Loaded shared library C:\Program Files\Eclipse Adoptium\jdk-21.0.6.7-hotspot\bin\extnet.dll
Event: 1.626 Loaded shared library C:\Program Files\Eclipse Adoptium\jdk-21.0.6.7-hotspot\bin\sunmscapi.dll
Event: 2.506 Loaded shared library C:\Windows\System32\dpuareu_jni.dll
Event: 986.717 Loaded shared library C:\Program Files\Eclipse Adoptium\jdk-21.0.6.7-hotspot\bin\awt.dll

Deoptimization events (20 events):
Event: 186.499 Thread 0x000001a5e0b1fee0 DEOPT PACKING pc=0x000001a58d06e6d9 sp=0x0000009103afc410
Event: 186.499 Thread 0x000001a5e0b1fee0 DEOPT UNPACKING pc=0x000001a58cb74e42 sp=0x0000009103afb868 mode 1
Event: 186.499 Thread 0x000001a5e0b1fee0 DEOPT PACKING pc=0x000001a58d06d92c sp=0x0000009103afc4a0
Event: 186.499 Thread 0x000001a5e0b1fee0 DEOPT UNPACKING pc=0x000001a58cb74e42 sp=0x0000009103afb958 mode 1
Event: 186.499 Thread 0x000001a5e0b1fee0 DEOPT PACKING pc=0x000001a58d06e6d9 sp=0x0000009103afc4d0
Event: 186.499 Thread 0x000001a5e0b1fee0 DEOPT UNPACKING pc=0x000001a58cb74e42 sp=0x0000009103afb928 mode 1
Event: 186.499 Thread 0x000001a5e0b1fee0 DEOPT PACKING pc=0x000001a58d06d92c sp=0x0000009103afc560
Event: 186.499 Thread 0x000001a5e0b1fee0 DEOPT UNPACKING pc=0x000001a58cb74e42 sp=0x0000009103afba18 mode 1
Event: 186.500 Thread 0x000001a5e0b1fee0 DEOPT PACKING pc=0x000001a58d06e6d9 sp=0x0000009103afc5a0
Event: 186.500 Thread 0x000001a5e0b1fee0 DEOPT UNPACKING pc=0x000001a58cb74e42 sp=0x0000009103afb9f8 mode 1
Event: 186.500 Thread 0x000001a5e0b1fee0 DEOPT PACKING pc=0x000001a58d06d92c sp=0x0000009103afc630
Event: 186.500 Thread 0x000001a5e0b1fee0 DEOPT UNPACKING pc=0x000001a58cb74e42 sp=0x0000009103afbae8 mode 1
Event: 986.711 Thread 0x000001a5de47f7e0 DEOPT PACKING pc=0x000001a58d02bf94 sp=0x0000009100efd4a0
Event: 986.711 Thread 0x000001a5de47f7e0 DEOPT UNPACKING pc=0x000001a58cb74e42 sp=0x0000009100efc968 mode 1
Event: 986.711 Thread 0x000001a5de47f7e0 DEOPT PACKING pc=0x000001a58d02bc0c sp=0x0000009100efd530
Event: 986.711 Thread 0x000001a5de47f7e0 DEOPT UNPACKING pc=0x000001a58cb74e42 sp=0x0000009100efca08 mode 1
Event: 987.619 Thread 0x000001a5de483980 DEOPT PACKING pc=0x000001a58cc7e3a1 sp=0x0000009100dfefb0
Event: 987.619 Thread 0x000001a5de483980 DEOPT UNPACKING pc=0x000001a58cb74e42 sp=0x0000009100dfe488 mode 1
Event: 987.619 Thread 0x000001a5de483980 DEOPT PACKING pc=0x000001a58cc7ea24 sp=0x0000009100dff050
Event: 987.619 Thread 0x000001a5de483980 DEOPT UNPACKING pc=0x000001a58cb74e42 sp=0x0000009100dfe508 mode 1

Classes loaded (20 events):
Event: 986.711 Loading class sun/awt/resources/awt
Event: 986.712 Loading class sun/awt/resources/awt done
Event: 986.712 Loading class sun/awt/resources/awt_es
Event: 986.712 Loading class sun/awt/resources/awt_es done
Event: 986.713 Loading class sun/awt/resources/awt_es_MX
Event: 986.713 Loading class sun/awt/resources/awt_es_MX done
Event: 986.713 Loading class sun/awt/resources/awt_es_MX
Event: 986.713 Loading class sun/awt/resources/awt_es_MX done
Event: 986.713 Loading class java/awt/Toolkit$2
Event: 986.713 Loading class java/awt/Toolkit$2 done
Event: 986.718 Loading class java/awt/Toolkit$1
Event: 986.718 Loading class java/awt/Toolkit$1 done
Event: 986.719 Loading class java/awt/Insets
Event: 986.719 Loading class java/awt/Insets done
Event: 986.719 Loading class java/awt/GraphicsEnvironment
Event: 986.719 Loading class java/awt/GraphicsEnvironment done
Event: 986.720 Loading class java/awt/AWTEvent$1
Event: 986.720 Loading class sun/awt/AWTAccessor$AWTEventAccessor
Event: 986.720 Loading class sun/awt/AWTAccessor$AWTEventAccessor done
Event: 986.720 Loading class java/awt/AWTEvent$1 done

Classes unloaded (0 events):
No events

Classes redefined (1 events):
Event: 0.212 Thread 0x000001a58cb0aba0 redefined class name=java.lang.Throwable, count=1

Internal exceptions (20 events):
Event: 2.191 Thread 0x000001a58c974800 Exception <a 'java/lang/NoSuchMethodError'{0x000000071935ebf8}: 'java.lang.Object java.lang.invoke.Invokers$Holder.linkToTargetMethod(java.lang.Object, java.lang.Object, int, java.lang.Object)'> (0x000000071935ebf8) 
thrown [s\src\hotspot\share\interpreter\linkResolver.cpp, line 773]
Event: 2.317 Thread 0x000001a58c974800 Exception <a 'java/lang/NoSuchMethodError'{0x0000000711e41368}: 'int java.lang.invoke.DirectMethodHandle$Holder.invokeVirtual(java.lang.Object, java.lang.Object, java.lang.Object, java.lang.Object)'> (0x0000000711e41368) 
thrown [s\src\hotspot\share\interpreter\linkResolver.cpp, line 773]
Event: 2.317 Thread 0x000001a58c974800 Exception <a 'java/lang/NoSuchMethodError'{0x0000000711e44e80}: 'int java.lang.invoke.DelegatingMethodHandle$Holder.reinvoke_L(java.lang.Object, java.lang.Object, java.lang.Object, java.lang.Object)'> (0x0000000711e44e80) 
thrown [s\src\hotspot\share\interpreter\linkResolver.cpp, line 773]
Event: 2.345 Thread 0x000001a58c974800 Exception <a 'java/io/FileNotFoundException'{0x0000000711fc5e60}> (0x0000000711fc5e60) 
thrown [s\src\hotspot\share\prims\jni.cpp, line 520]
Event: 2.387 Thread 0x000001a58c974800 Exception <a 'java/lang/NoSuchMethodError'{0x0000000711a07c98}: 'int java.lang.invoke.DirectMethodHandle$Holder.invokeInterface(java.lang.Object, java.lang.Object, java.lang.Object, java.lang.Object)'> (0x0000000711a07c98) 
thrown [s\src\hotspot\share\interpreter\linkResolver.cpp, line 773]
Event: 2.424 Thread 0x000001a58c974800 Exception <a 'java/lang/NoSuchMethodError'{0x0000000711bf6cb8}: 'long java.lang.invoke.DirectMethodHandle$Holder.invokeVirtual(java.lang.Object, java.lang.Object)'> (0x0000000711bf6cb8) 
thrown [s\src\hotspot\share\interpreter\linkResolver.cpp, line 773]
Event: 2.446 Thread 0x000001a58c974800 Exception <a 'java/lang/NoSuchMethodError'{0x00000007118cf990}: 'void java.lang.invoke.Invokers$Holder.invokeExact_MT(java.lang.Object, java.lang.Object, java.lang.Object, java.lang.Object)'> (0x00000007118cf990) 
thrown [s\src\hotspot\share\interpreter\linkResolver.cpp, line 773]
Event: 2.453 Thread 0x000001a58c974800 Exception <a 'java/lang/NoSuchMethodError'{0x00000007119f08d8}: 'int java.lang.invoke.DirectMethodHandle$Holder.invokeStatic(java.lang.Object, int, java.lang.Object)'> (0x00000007119f08d8) 
thrown [s\src\hotspot\share\interpreter\linkResolver.cpp, line 773]
Event: 2.827 Thread 0x000001a58c974800 Exception <a 'java/lang/NoSuchMethodError'{0x000000070ca4aa90}: 'java.lang.Object java.lang.invoke.DirectMethodHandle$Holder.newInvokeSpecial(java.lang.Object, java.lang.Object, java.lang.Object, java.lang.Object, java.lang.Object, java.lang.Object, java.lang.Object, java.lang.Object)'> (0x000000070ca4aa90) 
thrown [s\src\hotspot\share\interpreter\linkResolver.cpp, line 773]
Event: 2.962 Thread 0x000001a58c974800 Exception <a 'java/lang/IncompatibleClassChangeError'{0x000000070c2eff90}: Found class java.lang.Object, but interface was expected> (0x000000070c2eff90) 
thrown [s\src\hotspot\share\interpreter\linkResolver.cpp, line 840]
Event: 2.987 Thread 0x000001a58c974800 Exception <a 'java/lang/NoSuchMethodError'{0x000000070c0656e0}: 'void java.lang.invoke.DirectMethodHandle$Holder.invokeVirtual(java.lang.Object, java.lang.Object, long)'> (0x000000070c0656e0) 
thrown [s\src\hotspot\share\interpreter\linkResolver.cpp, line 773]
Event: 3.021 Thread 0x000001a58c974800 Exception <a 'java/lang/NoSuchMethodError'{0x000000070bf497a0}: 'int java.lang.invoke.DirectMethodHandle$Holder.invokeStaticInit(java.lang.Object, java.lang.Object, java.lang.Object, java.lang.Object)'> (0x000000070bf497a0) 
thrown [s\src\hotspot\share\interpreter\linkResolver.cpp, line 773]
Event: 3.104 Thread 0x000001a58c974800 Exception <a 'java/lang/NoSuchMethodError'{0x000000070bb89fe0}: 'java.lang.Object java.lang.invoke.DirectMethodHandle$Holder.newInvokeSpecial(java.lang.Object, java.lang.Object, int, java.lang.Object, java.lang.Object)'> (0x000000070bb89fe0) 
thrown [s\src\hotspot\share\interpreter\linkResolver.cpp, line 773]
Event: 3.353 Thread 0x000001a5e0b25ac0 Exception <a 'java/lang/NoSuchMethodError'{0x000000070b4e5b60}: 'java.lang.Object java.lang.invoke.DirectMethodHandle$Holder.invokeInterface(java.lang.Object, java.lang.Object, java.lang.Object, java.lang.Object, java.lang.Object, java.lang.Object, java.lang.Object)'> (0x000000070b4e5b60) 
thrown [s\src\hotspot\share\interpreter\linkResolver.cpp, line 773]
Event: 186.437 Thread 0x000001a5e0b1fee0 Exception <a 'java/lang/NoSuchMethodError'{0x000000070b35c8c0}: 'java.lang.Object java.lang.invoke.DirectMethodHandle$Holder.invokeSpecial(java.lang.Object, java.lang.Object, java.lang.Object, java.lang.Object, java.lang.Object, long)'> (0x000000070b35c8c0) 
thrown [s\src\hotspot\share\interpreter\linkResolver.cpp, line 773]
Event: 186.437 Thread 0x000001a5e0b1fee0 Exception <a 'java/lang/NoSuchMethodError'{0x000000070b3600c0}: 'java.lang.Object java.lang.invoke.Invokers$Holder.linkToTargetMethod(java.lang.Object, java.lang.Object, java.lang.Object, long, java.lang.Object)'> (0x000000070b3600c0) 
thrown [s\src\hotspot\share\interpreter\linkResolver.cpp, line 773]
Event: 415.168 Thread 0x000001a5e0b23360 Exception <a 'java/lang/NoSuchMethodError'{0x000000070aa107a8}: 'java.lang.Object java.lang.invoke.Invokers$Holder.invoke_MT(java.lang.Object, java.lang.Object, java.lang.Object, java.lang.Object, java.lang.Object, java.lang.Object, java.lang.Object, java.lang.Object, java.lang.Object)'> (0x000000070aa107a8) 
thrown [s\src\hotspot\share\interpreter\linkResolver.cpp, line 773]
Event: 986.711 Thread 0x000001a5de47f7e0 Exception <a 'java/lang/ClassNotFoundException'{0x00000007114468b8}: sun/awt/resources/spi/awtProvider> (0x00000007114468b8) 
thrown [s\src\hotspot\share\classfile\systemDictionary.cpp, line 312]
Event: 986.719 Thread 0x000001a5de47f7e0 Exception <a 'java/io/FileNotFoundException'{0x0000000711455e48}> (0x0000000711455e48) 
thrown [s\src\hotspot\share\prims\jni.cpp, line 520]
Event: 986.719 Thread 0x000001a5de47f7e0 Exception <a 'java/io/FileNotFoundException'{0x00000007114575b0}> (0x00000007114575b0) 
thrown [s\src\hotspot\share\prims\jni.cpp, line 520]

ZGC Phase Switch (0 events):
No events

VM Operations (20 events):
Event: 400.082 Executing VM operation: Cleanup
Event: 400.082 Executing VM operation: Cleanup done
Event: 414.224 Executing VM operation: Cleanup
Event: 414.224 Executing VM operation: Cleanup done
Event: 415.194 Executing VM operation: HandshakeAllThreads (Deoptimize)
Event: 415.194 Executing VM operation: HandshakeAllThreads (Deoptimize) done
Event: 415.200 Executing VM operation: G1CollectForAllocation (G1 Evacuation Pause)
Event: 415.205 Executing VM operation: G1CollectForAllocation (G1 Evacuation Pause) done
Event: 416.218 Executing VM operation: Cleanup
Event: 416.218 Executing VM operation: Cleanup done
Event: 421.220 Executing VM operation: HandshakeAllThreads (HandshakeForDeflation)
Event: 421.221 Executing VM operation: HandshakeAllThreads (HandshakeForDeflation) done
Event: 421.221 Executing VM operation: RendezvousGCThreads
Event: 421.221 Executing VM operation: RendezvousGCThreads done
Event: 653.196 Executing VM operation: Cleanup
Event: 653.196 Executing VM operation: Cleanup done
Event: 986.822 Executing VM operation: Cleanup
Event: 986.822 Executing VM operation: Cleanup done
Event: 987.836 Executing VM operation: Cleanup
Event: 987.836 Executing VM operation: Cleanup done

Memory protections (0 events):
No events

Nmethod flushes (20 events):
Event: 2.467 Thread 0x000001a58cb0aba0 flushing  nmethod 0x000001a58cd66490
Event: 2.467 Thread 0x000001a58cb0aba0 flushing  nmethod 0x000001a58cd66a90
Event: 2.467 Thread 0x000001a58cb0aba0 flushing  nmethod 0x000001a58ce1b090
Event: 2.467 Thread 0x000001a58cb0aba0 flushing  nmethod 0x000001a58ce1bd90
Event: 2.468 Thread 0x000001a58cb0aba0 flushing  nmethod 0x000001a58cf79290
Event: 2.468 Thread 0x000001a58cb0aba0 flushing  nmethod 0x000001a58d01cf10
Event: 2.468 Thread 0x000001a58cb0aba0 flushing  nmethod 0x000001a58d01d790
Event: 2.468 Thread 0x000001a58cb0aba0 flushing  nmethod 0x000001a58cc72910
Event: 2.468 Thread 0x000001a58cb0aba0 flushing  nmethod 0x000001a58cd39690
Event: 2.468 Thread 0x000001a58cb0aba0 flushing  nmethod 0x000001a58cd3c910
Event: 2.468 Thread 0x000001a58cb0aba0 flushing  nmethod 0x000001a58cfeda90
Event: 2.468 Thread 0x000001a58cb0aba0 flushing  nmethod 0x000001a58cfedf10
Event: 2.468 Thread 0x000001a58cb0aba0 flushing  nmethod 0x000001a58cfee590
Event: 2.468 Thread 0x000001a58cb0aba0 flushing  nmethod 0x000001a58cfeed90
Event: 2.468 Thread 0x000001a58cb0aba0 flushing  nmethod 0x000001a58cfef490
Event: 2.468 Thread 0x000001a58cb0aba0 flushing  nmethod 0x000001a58cfd6010
Event: 2.468 Thread 0x000001a58cb0aba0 flushing  nmethod 0x000001a58cfd7690
Event: 2.468 Thread 0x000001a58cb0aba0 flushing  nmethod 0x000001a58ce27210
Event: 2.468 Thread 0x000001a58cb0aba0 flushing  nmethod 0x000001a58cff1f90
Event: 2.468 Thread 0x000001a58cb0aba0 flushing  nmethod 0x000001a58cff4d90

Events (20 events):
Event: 3.137 Thread 0x000001a5e0b25430 Thread added: 0x000001a5e0b25430
Event: 3.337 Thread 0x000001a5de714180 Thread added: 0x000001a5e0b24710
Event: 3.345 Thread 0x000001a5e0b24710 Thread exited: 0x000001a5e0b24710
Event: 3.347 Thread 0x000001a5de084080 Thread added: 0x000001a5e0b25ac0
Event: 3.348 Thread 0x000001a5e0b25ac0 Thread added: 0x000001a5e0b24710
Event: 3.356 Thread 0x000001a5e0b24710 Thread exited: 0x000001a5e0b24710
Event: 3.357 Thread 0x000001a5e0b25ac0 Thread added: 0x000001a5e0b267e0
Event: 3.364 Thread 0x000001a5e0b267e0 Thread exited: 0x000001a5e0b267e0
Event: 8.367 Thread 0x000001a5d9a89490 Thread exited: 0x000001a5d9a89490
Event: 13.370 Thread 0x000001a5d9a88df0 Thread exited: 0x000001a5d9a88df0
Event: 13.370 Thread 0x000001a5d919f160 Thread exited: 0x000001a5d919f160
Event: 91.289 Thread 0x000001a5e0b25ac0 Thread exited: 0x000001a5e0b25ac0
Event: 91.289 Thread 0x000001a5de714180 Thread exited: 0x000001a5de714180
Event: 138.158 Thread 0x000001a5de084080 Thread added: 0x000001a5e0b24710
Event: 194.534 Thread 0x000001a5e0b20570 Thread added: 0x000001a5de47f7e0
Event: 213.170 Thread 0x000001a5e0b24710 Thread exited: 0x000001a5e0b24710
Event: 399.214 Thread 0x000001a5e0b1f1c0 Thread added: 0x000001a5de483980
Event: 986.720 Thread 0x000001a5de47f7e0 Thread exited: 0x000001a5de47f7e0
Event: 987.619 Thread 0x000001a5de483980 Thread exited: 0x000001a5de483980
Event: 991.614 Thread 0x000001a5e0b24080 Thread added: 0x000001a5de4818b0


Dynamic libraries:
0x00007ff7a8d40000 - 0x00007ff7a8d4e000 	C:\Program Files\Eclipse Adoptium\jdk-21.0.6.7-hotspot\bin\java.exe
0x00007ffd1ef40000 - 0x00007ffd1f1a3000 	C:\WINDOWS\SYSTEM32\ntdll.dll
0x00007ffd1e420000 - 0x00007ffd1e4e7000 	C:\WINDOWS\System32\KERNEL32.DLL
0x00007ffd1c390000 - 0x00007ffd1c757000 	C:\WINDOWS\System32\KERNELBASE.dll
0x00007ffd1c800000 - 0x00007ffd1c94c000 	C:\WINDOWS\System32\ucrtbase.dll
0x00007ffd17f90000 - 0x00007ffd17fa8000 	C:\Program Files\Eclipse Adoptium\jdk-21.0.6.7-hotspot\bin\jli.dll
0x00007ffd15730000 - 0x00007ffd1574e000 	C:\Program Files\Eclipse Adoptium\jdk-21.0.6.7-hotspot\bin\VCRUNTIME140.dll
0x00007ffd1d550000 - 0x00007ffd1d719000 	C:\WINDOWS\System32\USER32.dll
0x00007ffd1cc00000 - 0x00007ffd1cc27000 	C:\WINDOWS\System32\win32u.dll
0x00007ffd1df80000 - 0x00007ffd1dfaa000 	C:\WINDOWS\System32\GDI32.dll
0x00007ffcfb740000 - 0x00007ffcfb9d0000 	C:\WINDOWS\WinSxS\amd64_microsoft.windows.common-controls_6595b64144ccf1df_6.0.26100.3037_none_3e09262ce333c378\COMCTL32.dll
0x00007ffd1e2e0000 - 0x00007ffd1e389000 	C:\WINDOWS\System32\msvcrt.dll
0x00007ffd1cad0000 - 0x00007ffd1cbfb000 	C:\WINDOWS\System32\gdi32full.dll
0x00007ffd1c2e0000 - 0x00007ffd1c383000 	C:\WINDOWS\System32\msvcp_win.dll
0x00007ffd1d510000 - 0x00007ffd1d53f000 	C:\WINDOWS\System32\IMM32.DLL
0x00007ffd17f80000 - 0x00007ffd17f8c000 	C:\Program Files\Eclipse Adoptium\jdk-21.0.6.7-hotspot\bin\vcruntime140_1.dll
0x00007ffd04490000 - 0x00007ffd0451d000 	C:\Program Files\Eclipse Adoptium\jdk-21.0.6.7-hotspot\bin\msvcp140.dll
0x00007ffcc9b90000 - 0x00007ffcca920000 	C:\Program Files\Eclipse Adoptium\jdk-21.0.6.7-hotspot\bin\server\jvm.dll
0x00007ffd1e220000 - 0x00007ffd1e2d4000 	C:\WINDOWS\System32\ADVAPI32.dll
0x00007ffd1e4f0000 - 0x00007ffd1e596000 	C:\WINDOWS\System32\sechost.dll
0x00007ffd1dac0000 - 0x00007ffd1dbd6000 	C:\WINDOWS\System32\RPCRT4.dll
0x00007ffd1e7b0000 - 0x00007ffd1e824000 	C:\WINDOWS\System32\WS2_32.dll
0x00007ffd18b90000 - 0x00007ffd18bc6000 	C:\WINDOWS\SYSTEM32\WINMM.dll
0x00007ffd1c170000 - 0x00007ffd1c1be000 	C:\WINDOWS\SYSTEM32\POWRPROF.dll
0x00007ffd15350000 - 0x00007ffd1535b000 	C:\WINDOWS\SYSTEM32\VERSION.dll
0x00007ffd1c150000 - 0x00007ffd1c164000 	C:\WINDOWS\SYSTEM32\UMPDC.dll
0x00007ffd1b110000 - 0x00007ffd1b12a000 	C:\WINDOWS\SYSTEM32\kernel.appcore.dll
0x00007ffd15720000 - 0x00007ffd1572a000 	C:\Program Files\Eclipse Adoptium\jdk-21.0.6.7-hotspot\bin\jimage.dll
0x00007ffd199f0000 - 0x00007ffd19c31000 	C:\WINDOWS\SYSTEM32\DBGHELP.DLL
0x00007ffd1dbe0000 - 0x00007ffd1df5e000 	C:\WINDOWS\System32\combase.dll
0x00007ffd1e130000 - 0x00007ffd1e206000 	C:\WINDOWS\System32\OLEAUT32.dll
0x00007ffcfcdc0000 - 0x00007ffcfcdf9000 	C:\WINDOWS\SYSTEM32\dbgcore.DLL
0x00007ffd1c760000 - 0x00007ffd1c7f9000 	C:\WINDOWS\System32\bcryptPrimitives.dll
0x00007ffd0b1e0000 - 0x00007ffd0b21c000 	C:\Program Files\Eclipse Adoptium\jdk-21.0.6.7-hotspot\bin\jdwp.dll
0x00007ffcc3070000 - 0x00007ffcc327e000 	C:\Users\lugas\AppData\Local\Temp\idea_libasyncProfiler_dll_temp_folder\libasyncProfiler.dll
0x00007ffd156a0000 - 0x00007ffd156af000 	C:\Program Files\Eclipse Adoptium\jdk-21.0.6.7-hotspot\bin\instrument.dll
0x00007ffd15700000 - 0x00007ffd1571f000 	C:\Program Files\Eclipse Adoptium\jdk-21.0.6.7-hotspot\bin\java.dll
0x00007ffd0ac90000 - 0x00007ffd0aca8000 	C:\Program Files\Eclipse Adoptium\jdk-21.0.6.7-hotspot\bin\zip.dll
0x00007ffd1cd80000 - 0x00007ffd1d484000 	C:\WINDOWS\System32\SHELL32.dll
0x00007ffd19fd0000 - 0x00007ffd1a807000 	C:\WINDOWS\SYSTEM32\windows.storage.dll
0x00007ffd1d9d0000 - 0x00007ffd1dab9000 	C:\WINDOWS\System32\SHCORE.dll
0x00007ffd1e5a0000 - 0x00007ffd1e5fd000 	C:\WINDOWS\System32\shlwapi.dll
0x00007ffd1c1f0000 - 0x00007ffd1c21e000 	C:\WINDOWS\SYSTEM32\profapi.dll
0x00007ffd0d150000 - 0x00007ffd0d15b000 	C:\Program Files\Eclipse Adoptium\jdk-21.0.6.7-hotspot\bin\dt_socket.dll
0x00007ffd1ab50000 - 0x00007ffd1ab82000 	C:\WINDOWS\SYSTEM32\IPHLPAPI.DLL
0x00007ffd1b620000 - 0x00007ffd1b68a000 	C:\WINDOWS\system32\mswsock.dll
0x00007ffd139b0000 - 0x00007ffd139c0000 	C:\Program Files\Eclipse Adoptium\jdk-21.0.6.7-hotspot\bin\net.dll
0x00007ffd14710000 - 0x00007ffd1482e000 	C:\WINDOWS\SYSTEM32\WINHTTP.dll
0x00007ffd0a090000 - 0x00007ffd0a0a6000 	C:\Program Files\Eclipse Adoptium\jdk-21.0.6.7-hotspot\bin\nio.dll
0x00007ffd1ab90000 - 0x00007ffd1acb5000 	C:\WINDOWS\SYSTEM32\DNSAPI.dll
0x00007ffd1ea60000 - 0x00007ffd1ea6a000 	C:\WINDOWS\System32\NSI.dll
0x00007ffd08f00000 - 0x00007ffd08f0b000 	C:\Windows\System32\rasadhlp.dll
0x00007ffd13760000 - 0x00007ffd137e5000 	C:\WINDOWS\System32\fwpuclnt.dll
0x00007ffd0ae50000 - 0x00007ffd0ae5a000 	C:\Program Files\Eclipse Adoptium\jdk-21.0.6.7-hotspot\bin\management.dll
0x00007ffd0ab90000 - 0x00007ffd0ab9b000 	C:\Program Files\Eclipse Adoptium\jdk-21.0.6.7-hotspot\bin\management_ext.dll
0x00007ffd1df70000 - 0x00007ffd1df78000 	C:\WINDOWS\System32\PSAPI.DLL
0x00007ffd1b8d0000 - 0x00007ffd1b8ec000 	C:\WINDOWS\SYSTEM32\CRYPTSP.dll
0x00007ffd1b070000 - 0x00007ffd1b0a8000 	C:\WINDOWS\system32\rsaenh.dll
0x00007ffd1b6c0000 - 0x00007ffd1b6eb000 	C:\WINDOWS\SYSTEM32\USERENV.dll
0x00007ffd1bb00000 - 0x00007ffd1bb26000 	C:\WINDOWS\SYSTEM32\bcrypt.dll
0x00007ffd1b8c0000 - 0x00007ffd1b8cc000 	C:\WINDOWS\SYSTEM32\CRYPTBASE.dll
0x00007ffce9a20000 - 0x00007ffce9a38000 	C:\WINDOWS\system32\napinsp.dll
0x00007ffd13910000 - 0x00007ffd13926000 	C:\WINDOWS\system32\wshbth.dll
0x00007ffce99f0000 - 0x00007ffce9a12000 	C:\WINDOWS\system32\nlansp_c.dll
0x00007ffce9650000 - 0x00007ffce9662000 	C:\WINDOWS\System32\winrnr.dll
0x00007ffd09620000 - 0x00007ffd09629000 	C:\Program Files\Eclipse Adoptium\jdk-21.0.6.7-hotspot\bin\extnet.dll
0x00007ffd0b1d0000 - 0x00007ffd0b1de000 	C:\Program Files\Eclipse Adoptium\jdk-21.0.6.7-hotspot\bin\sunmscapi.dll
0x00007ffd1c950000 - 0x00007ffd1cac6000 	C:\WINDOWS\System32\CRYPT32.dll
0x00007ffd1bac0000 - 0x00007ffd1baf0000 	C:\WINDOWS\SYSTEM32\ncrypt.dll
0x00007ffd1ba70000 - 0x00007ffd1baaf000 	C:\WINDOWS\SYSTEM32\NTASN1.dll
0x00007ffd04320000 - 0x00007ffd04346000 	C:\Windows\System32\dpuareu_jni.dll
0x00007ffd1d7d0000 - 0x00007ffd1d965000 	C:\WINDOWS\System32\ole32.dll
0x00007ffd0e550000 - 0x00007ffd0e5b6000 	C:\WINDOWS\SYSTEM32\dpfj.dll
0x00007ffd0e500000 - 0x00007ffd0e542000 	C:\WINDOWS\SYSTEM32\dpfr6.dll
0x00007ffd04110000 - 0x00007ffd0413b000 	C:\WINDOWS\SYSTEM32\dpfpdd.dll
0x00007ffd0e800000 - 0x00007ffd0e8f6000 	C:\WINDOWS\SYSTEM32\DPFPApi.DLL
0x00007ffd15a20000 - 0x00007ffd15a2d000 	C:\WINDOWS\SYSTEM32\Secur32.dll
0x00007ffd0e760000 - 0x00007ffd0e7f6000 	C:\WINDOWS\SYSTEM32\DPSCApi.DLL
0x00007ffd1b3b0000 - 0x00007ffd1b3f8000 	C:\WINDOWS\SYSTEM32\SSPICLI.DLL
0x00007ffd0e3b0000 - 0x00007ffd0e40a000 	C:\WINDOWS\system32\DPCLBACK.dll
0x00007ffd0fea0000 - 0x00007ffd0feba000 	C:\WINDOWS\SYSTEM32\NETAPI32.dll
0x00007ffd1aaa0000 - 0x00007ffd1aaad000 	C:\WINDOWS\SYSTEM32\NETUTILS.DLL
0x00007ffd1b230000 - 0x00007ffd1b265000 	C:\WINDOWS\SYSTEM32\ntmarta.dll
0x00007ffd066a0000 - 0x00007ffd066a8000 	C:\WINDOWS\system32\wshunix.dll
0x00007ffd1b9e0000 - 0x00007ffd1b9f3000 	C:\WINDOWS\SYSTEM32\MSASN1.dll
0x00007ffd1e600000 - 0x00007ffd1e75c000 	C:\WINDOWS\System32\MSCTF.dll
0x00007ffcc76e0000 - 0x00007ffcc786e000 	C:\Program Files\Eclipse Adoptium\jdk-21.0.6.7-hotspot\bin\awt.dll
0x00007ffd15a30000 - 0x00007ffd15acc000 	C:\WINDOWS\SYSTEM32\apphelp.dll

dbghelp: loaded successfully - version: 4.0.5 - missing functions: none
symbol engine: initialized successfully - sym options: 0x614 - pdb path: .;C:\Program Files\Eclipse Adoptium\jdk-21.0.6.7-hotspot\bin;C:\WINDOWS\SYSTEM32;C:\WINDOWS\WinSxS\amd64_microsoft.windows.common-controls_6595b64144ccf1df_6.0.26100.3037_none_3e09262ce333c378;C:\Program Files\Eclipse Adoptium\jdk-21.0.6.7-hotspot\bin\server;C:\Users\lugas\AppData\Local\Temp\idea_libasyncProfiler_dll_temp_folder

VM Arguments:
jvm_args: -agentlib:jdwp=transport=dt_socket,address=127.0.0.1:5125,suspend=y,server=n -agentpath:C:\Users\lugas\AppData\Local\Temp\idea_libasyncProfiler_dll_temp_folder\libasyncProfiler.dll=version,jfr,event=wall,interval=10ms,cstack=no,file=C:\Users\lugas\IdeaSnapshots\FingerprintApiApplication_2025_03_13_221920.jfr,dbghelppath=C:\Users\lugas\AppData\Local\Temp\idea_dbghelp_dll_temp_folder\dbghelp.dll,log=C:\Users\lugas\AppData\Local\Temp\FingerprintApiApplication_2025_03_13_221920.jfr.log.txt,logLevel=DEBUG -XX:TieredStopAtLevel=1 -Dspring.output.ansi.enabled=always -Dcom.sun.management.jmxremote -Dspring.jmx.enabled=true -Dspring.liveBeansView.mbeanDomain -Dspring.application.admin.enabled=true -Dmanagement.endpoints.jmx.exposure.include=* -javaagent:C:\Users\lugas\AppData\Local\JetBrains\IntelliJIdea2024.3\captureAgent\debugger-agent.jar -Dkotlinx.coroutines.debug.enable.creation.stack.trace=false -Ddebugger.agent.enable.coroutines=true -Dkotlinx.coroutines.debug.enable.flows.stack.trace=true -Dkotlinx.coroutines.debug.enable.mutable.state.flows.stack.trace=true -Dfile.encoding=UTF-8 -Dsun.stdout.encoding=UTF-8 -Dsun.stderr.encoding=UTF-8 
java_command: com.example.fingerprint_api.FingerprintApiApplication
java_class_path (initial): C:\Users\lugas\fingerprint-api\target\classes;C:\Users\lugas\.m2\repository\org\springframework\boot\spring-boot-starter-web\3.4.3\spring-boot-starter-web-3.4.3.jar;C:\Users\lugas\.m2\repository\org\springframework\boot\spring-boot-starter\3.4.3\spring-boot-starter-3.4.3.jar;C:\Users\lugas\.m2\repository\org\springframework\boot\spring-boot\3.4.3\spring-boot-3.4.3.jar;C:\Users\lugas\.m2\repository\org\springframework\boot\spring-boot-autoconfigure\3.4.3\spring-boot-autoconfigure-3.4.3.jar;C:\Users\lugas\.m2\repository\org\springframework\boot\spring-boot-starter-logging\3.4.3\spring-boot-starter-logging-3.4.3.jar;C:\Users\lugas\.m2\repository\ch\qos\logback\logback-classic\1.5.16\logback-classic-1.5.16.jar;C:\Users\lugas\.m2\repository\ch\qos\logback\logback-core\1.5.16\logback-core-1.5.16.jar;C:\Users\lugas\.m2\repository\org\apache\logging\log4j\log4j-to-slf4j\2.24.3\log4j-to-slf4j-2.24.3.jar;C:\Users\lugas\.m2\repository\org\apache\logging\log4j\log4j-api\2.24.3\log4j-api-2.24.3.jar;C:\Users\lugas\.m2\repository\org\slf4j\jul-to-slf4j\2.0.16\jul-to-slf4j-2.0.16.jar;C:\Users\lugas\.m2\repository\jakarta\annotation\jakarta.annotation-api\2.1.1\jakarta.annotation-api-2.1.1.jar;C:\Users\lugas\.m2\repository\org\yaml\snakeyaml\2.3\snakeyaml-2.3.jar;C:\Users\lugas\.m2\repository\org\springframework\boot\spring-boot-starter-json\3.4.3\spring-boot-starter-json-3.4.3.jar;C:\Users\lugas\.m2\repository\com\fasterxml\jackson\core\jackson-databind\2.18.2\jackson-databind-2.18.2.jar;C:\Users\lugas\.m2\repository\com\fasterxml\jackson\core\jackson-annotations\2.18.2\jackson-annotations-2.18.2.jar;C:\Users\lugas\.m2\repository\com\fasterxml\jackson\core\jackson-core\2.18.2\jackson-core-2.18.2.jar;C:\Users\lugas\.m2\repository\com\fasterxml\jackson\datatype\jackson-datatype-jdk8\2.18.2\jackson-datatype-jdk8-2.18.2.jar;C:\Users\lugas\.m2\repository\com\fasterxml\jackson\datatype\jackson-datatype-jsr310\2.18.2\jackson-datatype-jsr310-2.18.2.jar;C:\Users\lugas\.m2\repository\com\fasterxml\jackson\module\jackson-module-parameter-names\2.18.2\jackson-module-parameter-names-2.18.2.jar;C:\Users\lugas\.m2\repository\org\springframework\boot\spring-boot-starter-tomcat\3.4.3\spring-boot-starter-tomcat-3.4.3.jar;C:\Users\lugas\.m2\repository\org\apache\tomcat\embed\tomcat-embed-core\10.1.36\tomcat-embed-core-10.1.36.jar;C:\Users\lugas\.m2\repository\org\apache\tomcat\embed\tomcat-embed-el\10.1.36\tomcat-embed-el-10.1.36.jar;C:\Users\lugas\.m2\repository\org\apache\tomcat\embed\tomcat-embed-websocket\10.1.36\tomcat-embed-websocket-10.1.36.jar;C:\Users\lugas\.m2\repository\org\springframework\spring-web\6.2.3\spring-web-6.2.3.jar;C:\Users\lugas\.m2\repository\org\springframework\spring-beans\6.2.3\spring-beans-6.2.3.jar;C:\Users\lugas\.m2\repository\io\micrometer\micrometer-observation\1.14.4\micrometer-observation-1.14.4.jar;C:\Users\lugas\.m2\repository\io\micrometer\micrometer-commons\1.14.4\micrometer-commons-1.14.4.jar;C:\Users\lugas\.m2\repository\org\springframework\spring-webmvc\6.2.3\spring-webmvc-6.2.3.jar;C:\Users\lugas\.m2\repository\org\springframework\spring-aop\6.2.3\spring-aop-6.2.3.jar;C:\Users\lugas\.m2\repository\org\springframework\spring-context\6.2.3\spring-context-6.2.3.jar;C:\Users\lugas\.m2\repository\org\springframework\spring-expression\6.2.3\spring-expression-6.2.3.jar;C:\Users\lugas\.m2\repository\org\slf4j\slf4j-api\2.0.16\slf4j-api-2.0.16.jar;C:\Users\lugas\.m2\repository\org\springframework\spring-core\6.2.3\spring-core-6.2.3.jar;C:\Users\lugas\.m2\repository\org\springframework\spring-jcl\6.2.3\spring-jcl-6.2.3.jar;C:\Users\lugas\fingerprint-api\src\main\resources\lib\dpuareu.jar;C:\Program Files\JetBrains\IntelliJ IDEA 2024.3.4.1\lib\idea_rt.jar
Launcher Type: SUN_STANDARD

[Global flags]
     intx CICompilerCount                          = 4                                         {product} {ergonomic}
     uint ConcGCThreads                            = 3                                         {product} {ergonomic}
     uint G1ConcRefinementThreads                  = 10                                        {product} {ergonomic}
   size_t G1HeapRegionSize                         = 2097152                                   {product} {ergonomic}
    uintx GCDrainStackTargetSize                   = 64                                        {product} {ergonomic}
   size_t InitialHeapSize                          = 257949696                                 {product} {ergonomic}
     bool ManagementServer                         = true                                      {product} {command line}
   size_t MarkStackSize                            = 4194304                                   {product} {ergonomic}
   size_t MaxHeapSize                              = 4127195136                                {product} {ergonomic}
   size_t MaxNewSize                               = 2474639360                                {product} {ergonomic}
   size_t MinHeapDeltaBytes                        = 2097152                                   {product} {ergonomic}
   size_t MinHeapSize                              = 8388608                                   {product} {ergonomic}
    uintx NonNMethodCodeHeapSize                   = 4096                                   {pd product} {ergonomic}
    uintx NonProfiledCodeHeapSize                  = 0                                      {pd product} {ergonomic}
     bool ProfileInterpreter                       = false                                  {pd product} {command line}
    uintx ProfiledCodeHeapSize                     = 0                                      {pd product} {ergonomic}
   size_t SoftMaxHeapSize                          = 4127195136                             {manageable} {ergonomic}
     intx TieredStopAtLevel                        = 1                                         {product} {command line}
     bool UseCompressedOops                        = true                           {product lp64_product} {ergonomic}
     bool UseG1GC                                  = true                                      {product} {ergonomic}
     bool UseLargePagesIndividualAllocation        = false                                  {pd product} {ergonomic}

Logging:
Log output configuration:
 #0: stdout all=warning uptime,level,tags foldmultilines=false
 #1: stderr all=off uptime,level,tags foldmultilines=false

Environment Variables:
JAVA_HOME=C:\Program Files\Eclipse Adoptium\jdk-21.0.6.7-hotspot\
PATH=C:\Program Files\Eclipse Adoptium\jdk-21.0.6.7-hotspot\bin;C:\WINDOWS\system32;C:\WINDOWS;C:\WINDOWS\System32\Wbem;C:\WINDOWS\System32\WindowsPowerShell\v1.0\;C:\WINDOWS\System32\OpenSSH\;C:\Program Files\Git\cmd;C:\Program Files\Docker\Docker\resources\bin;C:\ProgramData\chocolatey\bin;C:\Users\lugas\AppData\Roaming\Python\Python313\Scripts;C:\Users\lugas\AppData\Local\nvm;C:\nvm4w\nodejs;C:\Program Files\dotnet\;C:\composer;C:\Users\lugas\.local\bin;C:\Users\lugas\AppData\Local\Microsoft\WindowsApps;C:\Program Files\JetBrains\WebStorm 2024.3.3\bin;C:\Users\lugas\AppData\Local\Programs\Microsoft VS Code\bin;C:\Users\lugas\AppData\Roaming\npm;C:\Users\lugas\AppData\Local\nvm;C:\nvm4w\nodejs;C:\Users\lugas\.dotnet\tools;C:\Program Files\php-8.1.31;C:\Users\lugas\AppData\Roaming\Composer\vendor\bin;C:\Program Files\JetBrains\IntelliJ IDEA 2024.3.4.1\bin;;C:\Users\lugas\AppData\Local\Programs\Python\Python313\python.exe;C:\Users\lugas\AppData\Local\Programs\Python\Python313\Scripts;C:\Program Files\apache-maven-3.9.9\apache-maven\src\bin;
USERNAME=lugas
OS=Windows_NT
PROCESSOR_IDENTIFIER=AMD64 Family 23 Model 96 Stepping 1, AuthenticAMD
TMP=C:\Users\lugas\AppData\Local\Temp
TEMP=C:\Users\lugas\AppData\Local\Temp




Periodic native trim disabled

---------------  S Y S T E M  ---------------

OS:
 Windows 11 , 64 bit Build 26100 (10.0.26100.3037)
OS uptime: 0 days 13:51 hours
Hyper-V role detected

CPU: total 12 (initial active 12) (12 cores per cpu, 2 threads per core) family 23 model 96 stepping 1 microcode 0x8600106, cx8, cmov, fxsr, ht, mmx, 3dnowpref, sse, sse2, sse3, ssse3, sse4a, sse4.1, sse4.2, popcnt, lzcnt, tsc, tscinvbit, avx, avx2, aes, clmul, bmi1, bmi2, adx, sha, fma, vzeroupper, clflush, clflushopt, hv, rdtscp, rdpid, f16c
Processor Information for the first 12 processors :
  Max Mhz: 3000, Current Mhz: 3000, Mhz Limit: 3000

Memory: 4k page, system-wide physical 15741M (3748M free)
TotalPageFile size 23677M (AvailPageFile size 4311M)
current process WorkingSet (physical memory assigned to process): 205M, peak: 205M
current process commit charge ("private bytes"): 256M, peak: 393M

vm_info: OpenJDK 64-Bit Server VM (21.0.6+7-LTS) for windows-amd64 JRE (21.0.6+7-LTS), built on 2025-01-21T00:00:00Z by "admin" with MS VC++ 17.7 (VS2022)

END.
